<?xml version="1.0" encoding="UTF-8"?>
<!-- Generated by org.testng.reporters.JUnitXMLReporter -->
<testsuite hostname="SivaKotiReddy" name="SummyMethods" tests="5" failures="0" timestamp="7 Jul 2015 11:53:37 GMT" time="0.028" errors="0">
  <testcase name="createlead" time="0.011" classname="thirdWeek_homeWork.Dummy_Methods_for_TestNG"/>
  <testcase name="deletelead" time="0.001" classname="thirdWeek_homeWork.Dummy_Methods_for_TestNG"/>
  <testcase name="login" time="0.0" classname="thirdWeek_homeWork.Dummy_Methods_for_TestNG"/>
  <testcase name="logout" time="0.0" classname="thirdWeek_homeWork.Dummy_Methods_for_TestNG"/>
  <testcase name="signup" time="0.001" classname="thirdWeek_homeWork.Dummy_Methods_for_TestNG"/>
</testsuite> <!-- SummyMethods -->
