<?xml version="1.0" encoding="UTF-8"?>
<!-- Generated by org.testng.reporters.JUnitXMLReporter -->
<testsuite hostname="SivaKotiReddy" name="TestNG1" tests="7" failures="0" timestamp="7 Jul 2015 15:47:38 GMT" time="0.032" errors="0">
  <testcase name="createlead" time="0.011" classname="thirdWeek_homeWork.Dummy_Methods_for_TestNG"/>
  <testcase name="deletelead" time="0.001" classname="thirdWeek_homeWork.Dummy_Methods_for_TestNG"/>
  <testcase name="login" time="0.001" classname="thirdWeek_homeWork.Dummy_Methods_for_TestNG"/>
  <testcase name="logout" time="0.0" classname="thirdWeek_homeWork.Dummy_Methods_for_TestNG"/>
  <testcase name="signup" time="0.001" classname="thirdWeek_homeWork.Dummy_Methods_for_TestNG"/>
  <testcase name="signup" time="0.001" classname="thirdWeek_homeWork.Dummy_Methods_for_TestNG"/>
  <testcase name="signup" time="0.001" classname="thirdWeek_homeWork.Dummy_Methods_for_TestNG"/>
</testsuite> <!-- TestNG1 -->
