<?xml version="1.0" encoding="UTF-8"?>
<!-- Generated by org.testng.reporters.JUnitXMLReporter -->
<testsuite hostname="SivaKotiReddy" name="Week4Ques5" tests="6" failures="0" timestamp="10 Jul 2015 21:59:40 GMT" time="18.207" errors="0">
  <testcase name="searchProduct" time="2.17" classname="thirdWeek_homeWork.Amazon_Shopping_Sourced_Excel"/>
  <testcase name="searchProduct" time="1.866" classname="thirdWeek_homeWork.Amazon_Sourced_excel_inChrome"/>
  <testcase name="selectProduct" time="7.358" classname="thirdWeek_homeWork.Amazon_Shopping_Sourced_Excel"/>
  <testcase name="selectProduct" time="4.003" classname="thirdWeek_homeWork.Amazon_Sourced_excel_inChrome"/>
  <testcase name="addToCart" time="1.291" classname="thirdWeek_homeWork.Amazon_Shopping_Sourced_Excel"/>
  <testcase name="addToCart" time="1.842" classname="thirdWeek_homeWork.Amazon_Sourced_excel_inChrome"/>
</testsuite> <!-- Week4Ques5 -->
