<?xml version="1.0" encoding="UTF-8"?>
<!-- Generated by org.testng.reporters.JUnitXMLReporter -->
<testsuite hostname="SivaKotiReddy" name="Regression1" tests="4" failures="0" timestamp="5 Jul 2015 03:36:50 GMT" time="0.031" errors="0">
  <testcase name="launchgoogle" time="0.0" classname="thirdweek_class_work.Google"/>
  <testcase name="launchopentaps" time="0.0" classname="thirdweek_class_work.opentaps"/>
  <testcase name="TestinfClass" time="0.0" classname="thirdweek_class_work.Test1"/>
  <testcase name="createLead" time="0.0" classname="thirdweek_class_work.opentaps"/>
</testsuite> <!-- Regression1 -->
