<?xml version="1.0" encoding="UTF-8"?>
<testng-results skipped="0" failed="0" total="1" passed="1">
  <reporter-output>
  </reporter-output>
  <suite name="Suite" duration-ms="28751" started-at="2015-07-18T22:08:09Z" finished-at="2015-07-18T22:08:38Z">
    <groups>
      <group name="sanity">
        <method signature="CreateLead_forTestNG_groups.createlead()[pri:0, instance:thirdWeek_homeWork.CreateLead_forTestNG_groups@27abe2cd]" name="createlead" class="thirdWeek_homeWork.CreateLead_forTestNG_groups"/>
      </group> <!-- sanity -->
    </groups>
    <test name="Test" duration-ms="28751" started-at="2015-07-18T22:08:09Z" finished-at="2015-07-18T22:08:38Z">
      <class name="thirdWeek_homeWork.CreateLead_forTestNG_groups">
        <test-method status="PASS" signature="createlead()[pri:0, instance:thirdWeek_homeWork.CreateLead_forTestNG_groups@27abe2cd]" name="createlead" duration-ms="28736" started-at="2015-07-19T03:38:09Z" finished-at="2015-07-19T03:38:38Z">
          <reporter-output>
          </reporter-output>
        </test-method> <!-- createlead -->
      </class> <!-- thirdWeek_homeWork.CreateLead_forTestNG_groups -->
    </test> <!-- Test -->
  </suite> <!-- Suite -->
</testng-results>
